<?xml version="1.0" encoding="UTF-8"?>
<!-- Generated by org.testng.reporters.JUnitReportReporter -->
<testsuite hostname="HASSEN-HP" failures="0" tests="2" name="MySQLTest.DatabaseTestingDemo" time="0.219" errors="0" timestamp="2022-08-09T16:00:48 EDT" skipped="0">
  <testcase classname="MySQLTest.DatabaseTestingDemo" name="test2" time="0.084"/>
  <system-out/>
  <testcase classname="MySQLTest.DatabaseTestingDemo" name="test" time="0.135"/>
  <system-out/>
</testsuite> <!-- MySQLTest.DatabaseTestingDemo -->
